🎨 Generating AI Images...

📷 Generating participant photos...
  Generating 1/20: Ahmad Wijaya...
  ⏭️  Already exists: participant_1.png
  ✅ Generated: Ahmad Wijaya
  Generating 2/20: Siti Rahayu...
  ✅ Generated: Siti Rahayu
  Generating 3/20: Budi Santoso...
  ✅ Generated: Budi Santoso
  Generating 4/20: Dewi Kusuma...
  ✅ Generated: Dewi Kusuma
  Generating 5/20: Rizki Pratama...
  ✅ Generated: Rizki Pratama
  Generating 6/20: Putri Handayani...
  ✅ Generated: Putri Handayani
  Generating 7/20: Agus Setiawan...
  ✅ Generated: Agus Setiawan
  Generating 8/20: Rina Marlina...
  ✅ Generated: Rina Marlina
  Generating 9/20: Dian Purnama...
  ✅ Generated: Dian Purnama
  Generating 10/20: Hendra Gunawan...
  ✅ Generated: Hendra Gunawan
  Generating 11/20: Lestari Wulandari...
  ✅ Generated: Lestari Wulandari
  Generating 12/20: Eko Prasetyo...
Failed to make image generation request: 257 |                 headers: headers,
258 |                 body: JSON.stringify(requestBody),
259 |             });
260 |             if (!response.ok) {
261 |                 const errorBody = await response.text();
262 |                 throw new Error(`API request failed with status ${response.status}: ${errorBody}`);
                                ^
error: API request failed with status 429: {"error":"Too many requests, please try again later"}
      at createImageGeneration (/home/z/my-project/node_modules/z-ai-web-dev-sdk/dist/index.js:262:27)
      at async generateImage (/home/z/my-project/scripts/generate-images.ts:53:51)
      at async main (/home/z/my-project/scripts/generate-images.ts:92:27)

  ❌ Failed: Error: API request failed with status 429: {"error":"Too many requests, please try again later"}
  Generating 13/20: Maya Sari...
Failed to make image generation request: 257 |                 headers: headers,
258 |                 body: JSON.stringify(requestBody),
259 |             });
260 |             if (!response.ok) {
261 |                 const errorBody = await response.text();
262 |                 throw new Error(`API request failed with status ${response.status}: ${errorBody}`);
                                ^
error: API request failed with status 429: {"error":"Too many requests, please try again later"}
      at createImageGeneration (/home/z/my-project/node_modules/z-ai-web-dev-sdk/dist/index.js:262:27)
      at async generateImage (/home/z/my-project/scripts/generate-images.ts:53:51)
      at async main (/home/z/my-project/scripts/generate-images.ts:92:27)

  ❌ Failed: Error: API request failed with status 429: {"error":"Too many requests, please try again later"}
  Generating 14/20: Fajar Nugroho...
Failed to make image generation request: 257 |                 headers: headers,
258 |                 body: JSON.stringify(requestBody),
259 |             });
260 |             if (!response.ok) {
261 |                 const errorBody = await response.text();
262 |                 throw new Error(`API request failed with status ${response.status}: ${errorBody}`);
                                ^
error: API request failed with status 429: {"error":"Too many requests, please try again later"}
      at createImageGeneration (/home/z/my-project/node_modules/z-ai-web-dev-sdk/dist/index.js:262:27)
      at async generateImage (/home/z/my-project/scripts/generate-images.ts:53:51)
      at async main (/home/z/my-project/scripts/generate-images.ts:92:27)

  ❌ Failed: Error: API request failed with status 429: {"error":"Too many requests, please try again later"}
  Generating 15/20: Anisa Putri...
Failed to make image generation request: 257 |                 headers: headers,
258 |                 body: JSON.stringify(requestBody),
259 |             });
260 |             if (!response.ok) {
261 |                 const errorBody = await response.text();
262 |                 throw new Error(`API request failed with status ${response.status}: ${errorBody}`);
                                ^
error: API request failed with status 429: {"error":"Too many requests, please try again later"}
      at createImageGeneration (/home/z/my-project/node_modules/z-ai-web-dev-sdk/dist/index.js:262:27)
      at async generateImage (/home/z/my-project/scripts/generate-images.ts:53:51)
      at async main (/home/z/my-project/scripts/generate-images.ts:92:27)

  ❌ Failed: Error: API request failed with status 429: {"error":"Too many requests, please try again later"}
  Generating 16/20: Rudi Hermawan...
Failed to make image generation request: 257 |                 headers: headers,
258 |                 body: JSON.stringify(requestBody),
259 |             });
260 |             if (!response.ok) {
261 |                 const errorBody = await response.text();
262 |                 throw new Error(`API request failed with status ${response.status}: ${errorBody}`);
                                ^
error: API request failed with status 429: {"error":"Too many requests, please try again later"}
      at createImageGeneration (/home/z/my-project/node_modules/z-ai-web-dev-sdk/dist/index.js:262:27)
      at async generateImage (/home/z/my-project/scripts/generate-images.ts:53:51)
      at async main (/home/z/my-project/scripts/generate-images.ts:92:27)

  ❌ Failed: Error: API request failed with status 429: {"error":"Too many requests, please try again later"}
  Generating 17/20: Indah Permata...
Failed to make image generation request: 257 |                 headers: headers,
258 |                 body: JSON.stringify(requestBody),
259 |             });
260 |             if (!response.ok) {
261 |                 const errorBody = await response.text();
262 |                 throw new Error(`API request failed with status ${response.status}: ${errorBody}`);
                                ^
error: API request failed with status 429: {"error":"Too many requests, please try again later"}
      at createImageGeneration (/home/z/my-project/node_modules/z-ai-web-dev-sdk/dist/index.js:262:27)
      at async generateImage (/home/z/my-project/scripts/generate-images.ts:53:51)
      at async main (/home/z/my-project/scripts/generate-images.ts:92:27)

  ❌ Failed: Error: API request failed with status 429: {"error":"Too many requests, please try again later"}
  Generating 18/20: Yoga Pratama...
Failed to make image generation request: 257 |                 headers: headers,
258 |                 body: JSON.stringify(requestBody),
259 |             });
260 |             if (!response.ok) {
261 |                 const errorBody = await response.text();
262 |                 throw new Error(`API request failed with status ${response.status}: ${errorBody}`);
                                ^
error: API request failed with status 429: {"error":"Too many requests, please try again later"}
      at createImageGeneration (/home/z/my-project/node_modules/z-ai-web-dev-sdk/dist/index.js:262:27)
      at async generateImage (/home/z/my-project/scripts/generate-images.ts:53:51)
      at async main (/home/z/my-project/scripts/generate-images.ts:92:27)

  ❌ Failed: Error: API request failed with status 429: {"error":"Too many requests, please try again later"}
  Generating 19/20: Silvia Anggraini...
Failed to make image generation request: 257 |                 headers: headers,
258 |                 body: JSON.stringify(requestBody),
259 |             });
260 |             if (!response.ok) {
261 |                 const errorBody = await response.text();
262 |                 throw new Error(`API request failed with status ${response.status}: ${errorBody}`);
                                ^
error: API request failed with status 429: {"error":"Too many requests, please try again later"}
      at createImageGeneration (/home/z/my-project/node_modules/z-ai-web-dev-sdk/dist/index.js:262:27)
      at async generateImage (/home/z/my-project/scripts/generate-images.ts:53:51)
      at async main (/home/z/my-project/scripts/generate-images.ts:92:27)

  ❌ Failed: Error: API request failed with status 429: {"error":"Too many requests, please try again later"}
  Generating 20/20: Bayu Aditya...
Failed to make image generation request: 257 |                 headers: headers,
258 |                 body: JSON.stringify(requestBody),
259 |             });
260 |             if (!response.ok) {
261 |                 const errorBody = await response.text();
262 |                 throw new Error(`API request failed with status ${response.status}: ${errorBody}`);
                                ^
error: API request failed with status 429: {"error":"Too many requests, please try again later"}
      at createImageGeneration (/home/z/my-project/node_modules/z-ai-web-dev-sdk/dist/index.js:262:27)
      at async generateImage (/home/z/my-project/scripts/generate-images.ts:53:51)
      at async main (/home/z/my-project/scripts/generate-images.ts:92:27)

  ❌ Failed: Error: API request failed with status 429: {"error":"Too many requests, please try again later"}

🍔 Generating food images...
  Generating 1/7: Nasi Padang Special with rendang and ayam pop...
  ⏭️  Already exists: food_1.png
  ✅ Generated: Nasi Padang Special with rendang and ayam pop
  Generating 2/7: Nasi Goreng Seafood with prawns and squid...
  ⏭️  Already exists: food_2.png
  ✅ Generated: Nasi Goreng Seafood with prawns and squid
  Generating 3/7: Japanese Bento Box with chicken katsu...
  ⏭️  Already exists: food_3.png
  ✅ Generated: Japanese Bento Box with chicken katsu
  Generating 4/7: Indonesian Snack Box with various snacks...
  ⏭️  Already exists: food_4.png
  ✅ Generated: Indonesian Snack Box with various snacks
  Generating 5/7: Sate Ayam Madura with peanut sauce...
  ⏭️  Already exists: food_5.png
  ✅ Generated: Sate Ayam Madura with peanut sauce
  Generating 6/7: Mie Ayam Bakso with meatballs...
  ⏭️  Already exists: food_6.png
  ✅ Generated: Mie Ayam Bakso with meatballs
  Generating 7/7: Fresh Fruit Salad with yogurt...
  ⏭️  Already exists: food_7.png
  ✅ Generated: Fresh Fruit Salad with yogurt

🥤 Generating drink images...
  Generating 1/3: Premium Arabic Coffee in a cup...
  ⏭️  Already exists: drink_1.png
  ✅ Generated: Premium Arabic Coffee in a cup
  Generating 2/3: Herbal Tea in a glass...
  ⏭️  Already exists: drink_2.png
  ✅ Generated: Herbal Tea in a glass
  Generating 3/3: Fresh Fruit Juice with ice...
  ⏭️  Already exists: drink_3.png
  ✅ Generated: Fresh Fruit Juice with ice

🎉 Image generation completed!
